<?xml version="1.0" encoding="UTF-8"?>
<testsuite xmlns:xsi="http://www.w3.org/2001/XMLSchema-instance" xsi:noNamespaceSchemaLocation="https://maven.apache.org/surefire/maven-surefire-plugin/xsd/surefire-test-report.xsd" name="TestSuite" time="6.617" tests="6" errors="0" skipped="4" failures="2">
  <properties>
[...]
</properties>
  <testcase name="setup" classname="com.project.testcases.TC_LoginTest_001" time="4.976">
    <failure message="session not created: This version of ChromeDriver only supports Chrome version 105&#10;Current browser version is 124.0.6367.92 with binary path C:\Program Files\Google\Chrome\Application\chrome.exe&#10;Build info: version: &apos;3.14.0&apos;, revision: &apos;aacccce0&apos;, time: &apos;2018-08-02T20:19:58.91Z&apos;&#10;System info: host: &apos;CHOZHAN&apos;, ip: &apos;192.168.0.104&apos;, os.name: &apos;Windows 10&apos;, os.arch: &apos;amd64&apos;, os.version: &apos;10.0&apos;, java.version: &apos;17.0.8.1&apos;&#10;Driver info: driver.version: ChromeDriver&#10;remote stacktrace: Backtrace:&#10;	Ordinal0 [0x00BCDF13+2219795]&#10;	Ordinal0 [0x00B62841+1779777]&#10;	Ordinal0 [0x00A7423D+803389]&#10;	Ordinal0 [0x00A964AC+943276]&#10;	Ordinal0 [0x00A919F0+924144]&#10;	Ordinal0 [0x00A8F179+913785]&#10;	Ordinal0 [0x00AC36B9+1128121]&#10;	Ordinal0 [0x00AC331A+1127194]&#10;	Ordinal0 [0x00ABE616+1107478]&#10;	Ordinal0 [0x00A97F89+950153]&#10;	Ordinal0 [0x00A98F56+954198]&#10;	GetHandleVerifier [0x00EC2CB2+3040210]&#10;	GetHandleVerifier [0x00EB2BB4+2974420]&#10;	GetHandleVerifier [0x00C66A0A+565546]&#10;	GetHandleVerifier [0x00C65680+560544]&#10;	Ordinal0 [0x00B69A5C+1808988]&#10;	Ordinal0 [0x00B6E3A8+1827752]&#10;	Ordinal0 [0x00B6E495+1827989]&#10;	Ordinal0 [0x00B780A4+1867940]&#10;	BaseThreadInitThunk [0x754460C9+25]&#10;	RtlGetAppContainerNamedObjectPath [0x77297A94+228]&#10;	RtlGetAppContainerNamedObjectPath [0x77297A64+180]&#10;" type="org.openqa.selenium.SessionNotCreatedException">org.openqa.selenium.SessionNotCreatedException: 
session not created: This version of ChromeDriver only supports Chrome version 105
Current browser version is 124.0.6367.92 with binary path C:\Program Files\Google\Chrome\Application\chrome.exe
Build info: version: '3.14.0', revision: 'aacccce0', time: '2018-08-02T20:19:58.91Z'
System info: host: 'CHOZHAN', ip: '192.168.0.104', os.name: 'Windows 10', os.arch: 'amd64', os.version: '10.0', java.version: '17.0.8.1'
Driver info: driver.version: ChromeDriver
remote stacktrace: Backtrace:
	Ordinal0 [0x00BCDF13+2219795]
	Ordinal0 [0x00B62841+1779777]
	Ordinal0 [0x00A7423D+803389]
	Ordinal0 [0x00A964AC+943276]
	Ordinal0 [0x00A919F0+924144]
	Ordinal0 [0x00A8F179+913785]
	Ordinal0 [0x00AC36B9+1128121]
	Ordinal0 [0x00AC331A+1127194]
	Ordinal0 [0x00ABE616+1107478]
	Ordinal0 [0x00A97F89+950153]
	Ordinal0 [0x00A98F56+954198]
	GetHandleVerifier [0x00EC2CB2+3040210]
	GetHandleVerifier [0x00EB2BB4+2974420]
	GetHandleVerifier [0x00C66A0A+565546]
	GetHandleVerifier [0x00C65680+560544]
	Ordinal0 [0x00B69A5C+1808988]
	Ordinal0 [0x00B6E3A8+1827752]
	Ordinal0 [0x00B6E495+1827989]
	Ordinal0 [0x00B780A4+1867940]
	BaseThreadInitThunk [0x754460C9+25]
	RtlGetAppContainerNamedObjectPath [0x77297A94+228]
	RtlGetAppContainerNamedObjectPath [0x77297A64+180]

</failure>
    <system-out><![CDATA[I am in Start MethodBanking App Test 
]]></system-out>
    <system-err><![CDATA[SLF4J: Failed to load class "org.slf4j.impl.StaticLoggerBinder".
SLF4J: Defaulting to no-operation (NOP) logger implementation
SLF4J: See http://www.slf4j.org/codes.html#StaticLoggerBinder for further details.
Starting ChromeDriver 105.0.5195.52 (412c95e518836d8a7d97250d62b29c2ae6a26a85-refs/branch-heads/5195@{#853}) on port 10781
Only local connections are allowed.
Please see https://chromedriver.chromium.org/security-considerations for suggestions on keeping ChromeDriver safe.
ChromeDriver was started successfully.
]]></system-err>
  </testcase>
  <testcase name="loginTest" classname="com.project.testcases.TC_LoginTest_001" time="0">
    <skipped message="session not created: This version of ChromeDriver only supports Chrome version 105&#10;Current browser version is 124.0.6367.92 with binary path C:\Program Files\Google\Chrome\Application\chrome.exe&#10;Build info: version: &apos;3.14.0&apos;, revision: &apos;aacccce0&apos;, time: &apos;2018-08-02T20:19:58.91Z&apos;&#10;System info: host: &apos;CHOZHAN&apos;, ip: &apos;192.168.0.104&apos;, os.name: &apos;Windows 10&apos;, os.arch: &apos;amd64&apos;, os.version: &apos;10.0&apos;, java.version: &apos;17.0.8.1&apos;&#10;Driver info: driver.version: ChromeDriver&#10;remote stacktrace: Backtrace:&#10;	Ordinal0 [0x00BCDF13+2219795]&#10;	Ordinal0 [0x00B62841+1779777]&#10;	Ordinal0 [0x00A7423D+803389]&#10;	Ordinal0 [0x00A964AC+943276]&#10;	Ordinal0 [0x00A919F0+924144]&#10;	Ordinal0 [0x00A8F179+913785]&#10;	Ordinal0 [0x00AC36B9+1128121]&#10;	Ordinal0 [0x00AC331A+1127194]&#10;	Ordinal0 [0x00ABE616+1107478]&#10;	Ordinal0 [0x00A97F89+950153]&#10;	Ordinal0 [0x00A98F56+954198]&#10;	GetHandleVerifier [0x00EC2CB2+3040210]&#10;	GetHandleVerifier [0x00EB2BB4+2974420]&#10;	GetHandleVerifier [0x00C66A0A+565546]&#10;	GetHandleVerifier [0x00C65680+560544]&#10;	Ordinal0 [0x00B69A5C+1808988]&#10;	Ordinal0 [0x00B6E3A8+1827752]&#10;	Ordinal0 [0x00B6E495+1827989]&#10;	Ordinal0 [0x00B780A4+1867940]&#10;	BaseThreadInitThunk [0x754460C9+25]&#10;	RtlGetAppContainerNamedObjectPath [0x77297A94+228]&#10;	RtlGetAppContainerNamedObjectPath [0x77297A64+180]&#10;"/>
    <system-out><![CDATA[I am on the Test Case Failed methodloginTestSkipped
]]></system-out>
  </testcase>
  <testcase name="Exit" classname="com.project.testcases.TC_LoginTest_001" time="0">
    <skipped/>
  </testcase>
  <testcase name="setup" classname="com.project.testcases.TC_OrderingTest_002" time="0.916">
    <failure message="session not created: This version of ChromeDriver only supports Chrome version 105&#10;Current browser version is 124.0.6367.92 with binary path C:\Program Files\Google\Chrome\Application\chrome.exe&#10;Build info: version: &apos;3.14.0&apos;, revision: &apos;aacccce0&apos;, time: &apos;2018-08-02T20:19:58.91Z&apos;&#10;System info: host: &apos;CHOZHAN&apos;, ip: &apos;192.168.0.104&apos;, os.name: &apos;Windows 10&apos;, os.arch: &apos;amd64&apos;, os.version: &apos;10.0&apos;, java.version: &apos;17.0.8.1&apos;&#10;Driver info: driver.version: ChromeDriver&#10;remote stacktrace: Backtrace:&#10;	Ordinal0 [0x00BCDF13+2219795]&#10;	Ordinal0 [0x00B62841+1779777]&#10;	Ordinal0 [0x00A7423D+803389]&#10;	Ordinal0 [0x00A964AC+943276]&#10;	Ordinal0 [0x00A919F0+924144]&#10;	Ordinal0 [0x00A8F179+913785]&#10;	Ordinal0 [0x00AC36B9+1128121]&#10;	Ordinal0 [0x00AC331A+1127194]&#10;	Ordinal0 [0x00ABE616+1107478]&#10;	Ordinal0 [0x00A97F89+950153]&#10;	Ordinal0 [0x00A98F56+954198]&#10;	GetHandleVerifier [0x00EC2CB2+3040210]&#10;	GetHandleVerifier [0x00EB2BB4+2974420]&#10;	GetHandleVerifier [0x00C66A0A+565546]&#10;	GetHandleVerifier [0x00C65680+560544]&#10;	Ordinal0 [0x00B69A5C+1808988]&#10;	Ordinal0 [0x00B6E3A8+1827752]&#10;	Ordinal0 [0x00B6E495+1827989]&#10;	Ordinal0 [0x00B780A4+1867940]&#10;	BaseThreadInitThunk [0x754460C9+25]&#10;	RtlGetAppContainerNamedObjectPath [0x77297A94+228]&#10;	RtlGetAppContainerNamedObjectPath [0x77297A64+180]&#10;" type="org.openqa.selenium.SessionNotCreatedException">org.openqa.selenium.SessionNotCreatedException: 
session not created: This version of ChromeDriver only supports Chrome version 105
Current browser version is 124.0.6367.92 with binary path C:\Program Files\Google\Chrome\Application\chrome.exe
Build info: version: '3.14.0', revision: 'aacccce0', time: '2018-08-02T20:19:58.91Z'
System info: host: 'CHOZHAN', ip: '192.168.0.104', os.name: 'Windows 10', os.arch: 'amd64', os.version: '10.0', java.version: '17.0.8.1'
Driver info: driver.version: ChromeDriver
remote stacktrace: Backtrace:
	Ordinal0 [0x00BCDF13+2219795]
	Ordinal0 [0x00B62841+1779777]
	Ordinal0 [0x00A7423D+803389]
	Ordinal0 [0x00A964AC+943276]
	Ordinal0 [0x00A919F0+924144]
	Ordinal0 [0x00A8F179+913785]
	Ordinal0 [0x00AC36B9+1128121]
	Ordinal0 [0x00AC331A+1127194]
	Ordinal0 [0x00ABE616+1107478]
	Ordinal0 [0x00A97F89+950153]
	Ordinal0 [0x00A98F56+954198]
	GetHandleVerifier [0x00EC2CB2+3040210]
	GetHandleVerifier [0x00EB2BB4+2974420]
	GetHandleVerifier [0x00C66A0A+565546]
	GetHandleVerifier [0x00C65680+560544]
	Ordinal0 [0x00B69A5C+1808988]
	Ordinal0 [0x00B6E3A8+1827752]
	Ordinal0 [0x00B6E495+1827989]
	Ordinal0 [0x00B780A4+1867940]
	BaseThreadInitThunk [0x754460C9+25]
	RtlGetAppContainerNamedObjectPath [0x77297A94+228]
	RtlGetAppContainerNamedObjectPath [0x77297A64+180]

</failure>
    <system-err><![CDATA[Starting ChromeDriver 105.0.5195.52 (412c95e518836d8a7d97250d62b29c2ae6a26a85-refs/branch-heads/5195@{#853}) on port 16268
Only local connections are allowed.
Please see https://chromedriver.chromium.org/security-considerations for suggestions on keeping ChromeDriver safe.
ChromeDriver was started successfully.
]]></system-err>
  </testcase>
  <testcase name="ordering" classname="com.project.testcases.TC_OrderingTest_002" time="0">
    <skipped message="session not created: This version of ChromeDriver only supports Chrome version 105&#10;Current browser version is 124.0.6367.92 with binary path C:\Program Files\Google\Chrome\Application\chrome.exe&#10;Build info: version: &apos;3.14.0&apos;, revision: &apos;aacccce0&apos;, time: &apos;2018-08-02T20:19:58.91Z&apos;&#10;System info: host: &apos;CHOZHAN&apos;, ip: &apos;192.168.0.104&apos;, os.name: &apos;Windows 10&apos;, os.arch: &apos;amd64&apos;, os.version: &apos;10.0&apos;, java.version: &apos;17.0.8.1&apos;&#10;Driver info: driver.version: ChromeDriver&#10;remote stacktrace: Backtrace:&#10;	Ordinal0 [0x00BCDF13+2219795]&#10;	Ordinal0 [0x00B62841+1779777]&#10;	Ordinal0 [0x00A7423D+803389]&#10;	Ordinal0 [0x00A964AC+943276]&#10;	Ordinal0 [0x00A919F0+924144]&#10;	Ordinal0 [0x00A8F179+913785]&#10;	Ordinal0 [0x00AC36B9+1128121]&#10;	Ordinal0 [0x00AC331A+1127194]&#10;	Ordinal0 [0x00ABE616+1107478]&#10;	Ordinal0 [0x00A97F89+950153]&#10;	Ordinal0 [0x00A98F56+954198]&#10;	GetHandleVerifier [0x00EC2CB2+3040210]&#10;	GetHandleVerifier [0x00EB2BB4+2974420]&#10;	GetHandleVerifier [0x00C66A0A+565546]&#10;	GetHandleVerifier [0x00C65680+560544]&#10;	Ordinal0 [0x00B69A5C+1808988]&#10;	Ordinal0 [0x00B6E3A8+1827752]&#10;	Ordinal0 [0x00B6E495+1827989]&#10;	Ordinal0 [0x00B780A4+1867940]&#10;	BaseThreadInitThunk [0x754460C9+25]&#10;	RtlGetAppContainerNamedObjectPath [0x77297A94+228]&#10;	RtlGetAppContainerNamedObjectPath [0x77297A64+180]&#10;"/>
    <system-out><![CDATA[I am on the Test Case Failed methodorderingSkipped
]]></system-out>
  </testcase>
  <testcase name="Exit" classname="com.project.testcases.TC_OrderingTest_002" time="0">
    <skipped/>
  </testcase>
</testsuite>